app/build/intermediates/manifest_merge_blame_file/debug/manifest-merger-blame-debug-report.txt
1<?xml version="1.0" encoding="utf-8"?>
2<manifest xmlns:android="http://schemas.android.com/apk/res/android"
3    package="com.example.dropdownmvvm"
4    android:versionCode="1"
5    android:versionName="1.0" >
6
7    <uses-sdk
8        android:minSdkVersion="21"
9        android:targetSdkVersion="34" />
10
11    <uses-permission android:name="android.permission.INTERNET" />
11-->src\main\AndroidManifest.xml:5:5-66
11-->src\main\AndroidManifest.xml:5:22-64
12
13    <permission
13-->[androidx.core:core:1.12.0] AndroidManifest.xml:22:5-24:47
14        android:name="com.example.dropdownmvvm.DYNAMIC_RECEIVER_NOT_EXPORTED_PERMISSION"
14-->[androidx.core:core:1.12.0] AndroidManifest.xml:23:9-81
15        android:protectionLevel="signature" />
15-->[androidx.core:core:1.12.0] AndroidManifest.xml:24:9-44
16
17    <uses-permission android:name="com.example.dropdownmvvm.DYNAMIC_RECEIVER_NOT_EXPORTED_PERMISSION" />
17-->[androidx.core:core:1.12.0] AndroidManifest.xml:26:5-97
17-->[androidx.core:core:1.12.0] AndroidManifest.xml:26:22-94
18    <uses-permission android:name="android.permission.REORDER_TASKS" />
18-->[androidx.test:core:1.5.0] AndroidManifest.xml:24:5-72
18-->[androidx.test:core:1.5.0] AndroidManifest.xml:24:22-69
19
20    <queries>
20-->[androidx.test:runner:1.5.0] AndroidManifest.xml:24:5-28:15
21        <package android:name="androidx.test.orchestrator" />
21-->[androidx.test:runner:1.5.0] AndroidManifest.xml:25:9-62
21-->[androidx.test:runner:1.5.0] AndroidManifest.xml:25:18-59
22        <package android:name="androidx.test.services" />
22-->[androidx.test:runner:1.5.0] AndroidManifest.xml:26:9-58
22-->[androidx.test:runner:1.5.0] AndroidManifest.xml:26:18-55
23        <package android:name="com.google.android.apps.common.testing.services" />
23-->[androidx.test:runner:1.5.0] AndroidManifest.xml:27:9-83
23-->[androidx.test:runner:1.5.0] AndroidManifest.xml:27:18-80
24    </queries>
25
26    <application
26-->src\main\AndroidManifest.xml:7:5-19:19
27        android:allowBackup="true"
27-->src\main\AndroidManifest.xml:8:9-35
28        android:appComponentFactory="androidx.core.app.CoreComponentFactory"
28-->[androidx.core:core:1.12.0] AndroidManifest.xml:28:18-86
29        android:debuggable="true"
30        android:extractNativeLibs="true"
31        android:label="Dropdown MVVM"
31-->src\main\AndroidManifest.xml:9:9-38
32        android:supportsRtl="true"
32-->src\main\AndroidManifest.xml:10:9-35
33        android:testOnly="true"
34        android:theme="@style/Theme.MaterialComponents.DayNight.DarkActionBar" >
34-->src\main\AndroidManifest.xml:11:9-79
35        <activity
35-->src\main\AndroidManifest.xml:12:9-18:20
36            android:name="com.example.dropdownmvvm.MainActivity"
36-->src\main\AndroidManifest.xml:12:19-47
37            android:exported="true" >
37-->src\main\AndroidManifest.xml:13:13-36
38            <intent-filter>
38-->src\main\AndroidManifest.xml:14:13-17:29
39                <action android:name="android.intent.action.MAIN" />
39-->src\main\AndroidManifest.xml:15:17-68
39-->src\main\AndroidManifest.xml:15:25-66
40
41                <category android:name="android.intent.category.LAUNCHER" />
41-->src\main\AndroidManifest.xml:16:17-76
41-->src\main\AndroidManifest.xml:16:27-74
42            </intent-filter>
43        </activity>
44
45        <provider
45-->[androidx.emoji2:emoji2:1.4.0] AndroidManifest.xml:24:9-32:20
46            android:name="androidx.startup.InitializationProvider"
46-->[androidx.emoji2:emoji2:1.4.0] AndroidManifest.xml:25:13-67
47            android:authorities="com.example.dropdownmvvm.androidx-startup"
47-->[androidx.emoji2:emoji2:1.4.0] AndroidManifest.xml:26:13-68
48            android:exported="false" >
48-->[androidx.emoji2:emoji2:1.4.0] AndroidManifest.xml:27:13-37
49            <meta-data
49-->[androidx.emoji2:emoji2:1.4.0] AndroidManifest.xml:29:13-31:52
50                android:name="androidx.emoji2.text.EmojiCompatInitializer"
50-->[androidx.emoji2:emoji2:1.4.0] AndroidManifest.xml:30:17-75
51                android:value="androidx.startup" />
51-->[androidx.emoji2:emoji2:1.4.0] AndroidManifest.xml:31:17-49
52            <meta-data
52-->[androidx.lifecycle:lifecycle-process:2.8.7] AndroidManifest.xml:29:13-31:52
53                android:name="androidx.lifecycle.ProcessLifecycleInitializer"
53-->[androidx.lifecycle:lifecycle-process:2.8.7] AndroidManifest.xml:30:17-78
54                android:value="androidx.startup" />
54-->[androidx.lifecycle:lifecycle-process:2.8.7] AndroidManifest.xml:31:17-49
55            <meta-data
55-->[androidx.profileinstaller:profileinstaller:1.4.0] AndroidManifest.xml:29:13-31:52
56                android:name="androidx.profileinstaller.ProfileInstallerInitializer"
56-->[androidx.profileinstaller:profileinstaller:1.4.0] AndroidManifest.xml:30:17-85
57                android:value="androidx.startup" />
57-->[androidx.profileinstaller:profileinstaller:1.4.0] AndroidManifest.xml:31:17-49
58        </provider>
59
60        <activity
60-->[androidx.test:core:1.5.0] AndroidManifest.xml:27:9-34:20
61            android:name="androidx.test.core.app.InstrumentationActivityInvoker$BootstrapActivity"
61-->[androidx.test:core:1.5.0] AndroidManifest.xml:28:13-99
62            android:exported="true"
62-->[androidx.test:core:1.5.0] AndroidManifest.xml:29:13-36
63            android:theme="@style/WhiteBackgroundTheme" >
63-->[androidx.test:core:1.5.0] AndroidManifest.xml:30:13-56
64            <intent-filter android:priority="-100" >
64-->[androidx.test:core:1.5.0] AndroidManifest.xml:31:13-33:29
64-->[androidx.test:core:1.5.0] AndroidManifest.xml:31:28-51
65                <category android:name="android.intent.category.LAUNCHER" />
65-->src\main\AndroidManifest.xml:16:17-76
65-->src\main\AndroidManifest.xml:16:27-74
66            </intent-filter>
67        </activity>
68        <activity
68-->[androidx.test:core:1.5.0] AndroidManifest.xml:35:9-42:20
69            android:name="androidx.test.core.app.InstrumentationActivityInvoker$EmptyActivity"
69-->[androidx.test:core:1.5.0] AndroidManifest.xml:36:13-95
70            android:exported="true"
70-->[androidx.test:core:1.5.0] AndroidManifest.xml:37:13-36
71            android:theme="@style/WhiteBackgroundTheme" >
71-->[androidx.test:core:1.5.0] AndroidManifest.xml:38:13-56
72            <intent-filter android:priority="-100" >
72-->[androidx.test:core:1.5.0] AndroidManifest.xml:31:13-33:29
72-->[androidx.test:core:1.5.0] AndroidManifest.xml:31:28-51
73                <category android:name="android.intent.category.LAUNCHER" />
73-->src\main\AndroidManifest.xml:16:17-76
73-->src\main\AndroidManifest.xml:16:27-74
74            </intent-filter>
75        </activity>
76        <activity
76-->[androidx.test:core:1.5.0] AndroidManifest.xml:43:9-50:20
77            android:name="androidx.test.core.app.InstrumentationActivityInvoker$EmptyFloatingActivity"
77-->[androidx.test:core:1.5.0] AndroidManifest.xml:44:13-103
78            android:exported="true"
78-->[androidx.test:core:1.5.0] AndroidManifest.xml:45:13-36
79            android:theme="@style/WhiteBackgroundDialogTheme" >
79-->[androidx.test:core:1.5.0] AndroidManifest.xml:46:13-62
80            <intent-filter android:priority="-100" >
80-->[androidx.test:core:1.5.0] AndroidManifest.xml:31:13-33:29
80-->[androidx.test:core:1.5.0] AndroidManifest.xml:31:28-51
81                <category android:name="android.intent.category.LAUNCHER" />
81-->src\main\AndroidManifest.xml:16:17-76
81-->src\main\AndroidManifest.xml:16:27-74
82            </intent-filter>
83        </activity>
84
85        <receiver
85-->[androidx.profileinstaller:profileinstaller:1.4.0] AndroidManifest.xml:34:9-52:20
86            android:name="androidx.profileinstaller.ProfileInstallReceiver"
86-->[androidx.profileinstaller:profileinstaller:1.4.0] AndroidManifest.xml:35:13-76
87            android:directBootAware="false"
87-->[androidx.profileinstaller:profileinstaller:1.4.0] AndroidManifest.xml:36:13-44
88            android:enabled="true"
88-->[androidx.profileinstaller:profileinstaller:1.4.0] AndroidManifest.xml:37:13-35
89            android:exported="true"
89-->[androidx.profileinstaller:profileinstaller:1.4.0] AndroidManifest.xml:38:13-36
90            android:permission="android.permission.DUMP" >
90-->[androidx.profileinstaller:profileinstaller:1.4.0] AndroidManifest.xml:39:13-57
91            <intent-filter>
91-->[androidx.profileinstaller:profileinstaller:1.4.0] AndroidManifest.xml:40:13-42:29
92                <action android:name="androidx.profileinstaller.action.INSTALL_PROFILE" />
92-->[androidx.profileinstaller:profileinstaller:1.4.0] AndroidManifest.xml:41:17-91
92-->[androidx.profileinstaller:profileinstaller:1.4.0] AndroidManifest.xml:41:25-88
93            </intent-filter>
94            <intent-filter>
94-->[androidx.profileinstaller:profileinstaller:1.4.0] AndroidManifest.xml:43:13-45:29
95                <action android:name="androidx.profileinstaller.action.SKIP_FILE" />
95-->[androidx.profileinstaller:profileinstaller:1.4.0] AndroidManifest.xml:44:17-85
95-->[androidx.profileinstaller:profileinstaller:1.4.0] AndroidManifest.xml:44:25-82
96            </intent-filter>
97            <intent-filter>
97-->[androidx.profileinstaller:profileinstaller:1.4.0] AndroidManifest.xml:46:13-48:29
98                <action android:name="androidx.profileinstaller.action.SAVE_PROFILE" />
98-->[androidx.profileinstaller:profileinstaller:1.4.0] AndroidManifest.xml:47:17-88
98-->[androidx.profileinstaller:profileinstaller:1.4.0] AndroidManifest.xml:47:25-85
99            </intent-filter>
100            <intent-filter>
100-->[androidx.profileinstaller:profileinstaller:1.4.0] AndroidManifest.xml:49:13-51:29
101                <action android:name="androidx.profileinstaller.action.BENCHMARK_OPERATION" />
101-->[androidx.profileinstaller:profileinstaller:1.4.0] AndroidManifest.xml:50:17-95
101-->[androidx.profileinstaller:profileinstaller:1.4.0] AndroidManifest.xml:50:25-92
102            </intent-filter>
103        </receiver>
104    </application>
105
106</manifest>